[ INFO] - :93 2022-05-29 22:06:34 - Ingreso: asd asd     45
[ INFO] - :94 2022-05-29 22:06:34 - Tamaño: 1
[ INFO] - :93 2022-05-29 22:06:34 - Ingreso: bladi bap 44
[ INFO] - :94 2022-05-29 22:06:34 - Tamaño: 2
[ INFO] - :93 2022-05-29 22:06:34 - Ingreso: Jose Justiniano 19
[ INFO] - :94 2022-05-29 22:06:34 - Tamaño: 3
[ INFO] - :93 2022-05-29 22:06:34 - Ingreso: blaaaaa     sss 45
[ INFO] - :94 2022-05-29 22:06:34 - Tamaño: 4
[ INFO] - :93 2022-05-29 22:06:34 - Ingreso: Pedro     Avila 19
[ INFO] - :94 2022-05-29 22:06:34 - Tamaño: 5
[ INFO] - :96 2022-05-29 22:06:34 - No se escribio :  P*/@dro Aviiii 19
[ INFO] - :96 2022-05-29 22:06:34 - No se escribio :  Abigail asd5 as
[ INFO] - :93 2022-05-29 22:06:34 - Ingreso: Bladimir Baptista 18
[ INFO] - :94 2022-05-29 22:06:34 - Tamaño: 6
[ INFO] - :93 2022-05-29 22:06:34 - Ingreso: asd asd 45
[ INFO] - :94 2022-05-29 22:06:34 - Tamaño: 7
[ INFO] - :93 2022-05-29 22:06:34 - Ingreso: bladi bap 44
[ INFO] - :94 2022-05-29 22:06:34 - Tamaño: 8
[ INFO] - :96 2022-05-29 22:06:34 - No se escribio :  54asd asd87 dd
[ INFO] - :96 2022-05-29 22:06:34 - No se escribio :      878asd /*//* dd   
[ INFO] - :96 2022-05-29 22:06:34 - No se escribio :  asd 121 11
[ INFO] - :93 2022-05-29 22:06:34 - Ingreso: blaaaaa sss 45
[ INFO] - :94 2022-05-29 22:06:34 - Tamaño: 9
[ INFO] - :93 2022-05-29 22:06:34 - Ingreso: asd asd 45
[ INFO] - :94 2022-05-29 22:06:34 - Tamaño: 10
[ INFO] - :64 2022-05-29 22:06:39 - Nuevo tamañooooo: 10
[ INFO] - :65 2022-05-29 22:06:39 - Listaaa tablaaaaaa: Lista: Nodo{Practico4.Persona@4dcea146} -> Nodo{Practico4.Persona@25524bba} -> Nodo{Practico4.Persona@a323618} -> Nodo{Practico4.Persona@b6c209} -> Nodo{Practico4.Persona@384a87c8} -> Nodo{Practico4.Persona@f7204e0} -> Nodo{Practico4.Persona@146b61e0} -> Nodo{Practico4.Persona@22fb4fee} -> Nodo{Practico4.Persona@4e63f8be} -> Nodo{Practico4.Persona@5129b096}
[ INFO] - :93 2022-05-29 22:08:07 - Ingreso: asd asd     45
[ INFO] - :94 2022-05-29 22:08:07 - Tamaño: 1
[ INFO] - :93 2022-05-29 22:08:07 - Ingreso: bladi bap 44
[ INFO] - :94 2022-05-29 22:08:07 - Tamaño: 2
[ INFO] - :93 2022-05-29 22:08:07 - Ingreso: Jose Justiniano 19
[ INFO] - :94 2022-05-29 22:08:07 - Tamaño: 3
[ INFO] - :93 2022-05-29 22:08:07 - Ingreso: blaaaaa     sss 45
[ INFO] - :94 2022-05-29 22:08:07 - Tamaño: 4
[ INFO] - :93 2022-05-29 22:08:07 - Ingreso: Pedro     Avila 19
[ INFO] - :94 2022-05-29 22:08:07 - Tamaño: 5
[ INFO] - :96 2022-05-29 22:08:07 - No se escribio :  P*/@dro Aviiii 19
[ INFO] - :96 2022-05-29 22:08:07 - No se escribio :  Abigail asd5 as
[ INFO] - :93 2022-05-29 22:08:07 - Ingreso: Bladimir Baptista 18
[ INFO] - :94 2022-05-29 22:08:07 - Tamaño: 6
[ INFO] - :93 2022-05-29 22:08:07 - Ingreso: asd asd 45
[ INFO] - :94 2022-05-29 22:08:07 - Tamaño: 7
[ INFO] - :93 2022-05-29 22:08:07 - Ingreso: bladi bap 44
[ INFO] - :94 2022-05-29 22:08:07 - Tamaño: 8
[ INFO] - :96 2022-05-29 22:08:07 - No se escribio :  54asd asd87 dd
[ INFO] - :96 2022-05-29 22:08:07 - No se escribio :      878asd /*//* dd   
[ INFO] - :96 2022-05-29 22:08:07 - No se escribio :  asd 121 11
[ INFO] - :93 2022-05-29 22:08:07 - Ingreso: blaaaaa sss 45
[ INFO] - :94 2022-05-29 22:08:07 - Tamaño: 9
[ INFO] - :93 2022-05-29 22:08:07 - Ingreso: asd asd 45
[ INFO] - :94 2022-05-29 22:08:07 - Tamaño: 10
[ INFO] - :93 2022-05-29 22:09:13 - Ingreso: asd asd     45
[ INFO] - :94 2022-05-29 22:09:13 - Tamaño: 1
[ INFO] - :93 2022-05-29 22:09:13 - Ingreso: bladi bap 44
[ INFO] - :94 2022-05-29 22:09:13 - Tamaño: 2
[ INFO] - :93 2022-05-29 22:09:13 - Ingreso: Jose Justiniano 19
[ INFO] - :94 2022-05-29 22:09:13 - Tamaño: 3
[ INFO] - :93 2022-05-29 22:09:13 - Ingreso: blaaaaa     sss 45
[ INFO] - :94 2022-05-29 22:09:13 - Tamaño: 4
[ INFO] - :93 2022-05-29 22:09:13 - Ingreso: Pedro     Avila 19
[ INFO] - :94 2022-05-29 22:09:13 - Tamaño: 5
[ INFO] - :96 2022-05-29 22:09:13 - No se escribio :  P*/@dro Aviiii 19
[ INFO] - :96 2022-05-29 22:09:13 - No se escribio :  Abigail asd5 as
[ INFO] - :93 2022-05-29 22:09:13 - Ingreso: Bladimir Baptista 18
[ INFO] - :94 2022-05-29 22:09:13 - Tamaño: 6
[ INFO] - :93 2022-05-29 22:09:13 - Ingreso: asd asd 45
[ INFO] - :94 2022-05-29 22:09:13 - Tamaño: 7
[ INFO] - :93 2022-05-29 22:09:13 - Ingreso: bladi bap 44
[ INFO] - :94 2022-05-29 22:09:13 - Tamaño: 8
[ INFO] - :96 2022-05-29 22:09:13 - No se escribio :  54asd asd87 dd
[ INFO] - :96 2022-05-29 22:09:13 - No se escribio :      878asd /*//* dd   
[ INFO] - :96 2022-05-29 22:09:13 - No se escribio :  asd 121 11
[ INFO] - :93 2022-05-29 22:09:13 - Ingreso: blaaaaa sss 45
[ INFO] - :94 2022-05-29 22:09:13 - Tamaño: 9
[ INFO] - :93 2022-05-29 22:09:13 - Ingreso: asd asd 45
[ INFO] - :94 2022-05-29 22:09:13 - Tamaño: 10
[ INFO] - :64 2022-05-29 22:09:18 - Nuevo tamañooooo: 10
[ INFO] - :65 2022-05-29 22:09:18 - Listaaa tablaaaaaa: Lista: Nodo{Practico4.Persona@f228137} -> Nodo{Practico4.Persona@35bddcb0} -> Nodo{Practico4.Persona@7a758ae7} -> Nodo{Practico4.Persona@98d55bc} -> Nodo{Practico4.Persona@12bd5683} -> Nodo{Practico4.Persona@493e4038} -> Nodo{Practico4.Persona@1fcad94a} -> Nodo{Practico4.Persona@7c095fba} -> Nodo{Practico4.Persona@47817f6} -> Nodo{Practico4.Persona@3ffca8c1}
[ INFO] - :93 2022-05-29 22:12:08 - Ingreso: asd asd     45
[ INFO] - :94 2022-05-29 22:12:08 - Tamaño: 1
[ INFO] - :93 2022-05-29 22:12:08 - Ingreso: bladi bap 44
[ INFO] - :94 2022-05-29 22:12:08 - Tamaño: 2
[ INFO] - :93 2022-05-29 22:12:08 - Ingreso: Jose Justiniano 19
[ INFO] - :94 2022-05-29 22:12:08 - Tamaño: 3
[ INFO] - :93 2022-05-29 22:12:08 - Ingreso: blaaaaa     sss 45
[ INFO] - :94 2022-05-29 22:12:08 - Tamaño: 4
[ INFO] - :93 2022-05-29 22:12:08 - Ingreso: Pedro     Avila 19
[ INFO] - :94 2022-05-29 22:12:08 - Tamaño: 5
[ INFO] - :96 2022-05-29 22:12:08 - No se escribio :  P*/@dro Aviiii 19
[ INFO] - :96 2022-05-29 22:12:08 - No se escribio :  Abigail asd5 as
[ INFO] - :93 2022-05-29 22:12:08 - Ingreso: Bladimir Baptista 18
[ INFO] - :94 2022-05-29 22:12:08 - Tamaño: 6
[ INFO] - :93 2022-05-29 22:12:08 - Ingreso: asd asd 45
[ INFO] - :94 2022-05-29 22:12:08 - Tamaño: 7
[ INFO] - :93 2022-05-29 22:12:08 - Ingreso: bladi bap 44
[ INFO] - :94 2022-05-29 22:12:08 - Tamaño: 8
[ INFO] - :96 2022-05-29 22:12:08 - No se escribio :  54asd asd87 dd
[ INFO] - :96 2022-05-29 22:12:08 - No se escribio :      878asd /*//* dd   
[ INFO] - :96 2022-05-29 22:12:08 - No se escribio :  asd 121 11
[ INFO] - :93 2022-05-29 22:12:08 - Ingreso: blaaaaa sss 45
[ INFO] - :94 2022-05-29 22:12:08 - Tamaño: 9
[ INFO] - :93 2022-05-29 22:12:08 - Ingreso: asd asd 45
[ INFO] - :94 2022-05-29 22:12:08 - Tamaño: 10
[ INFO] - :64 2022-05-29 22:12:11 - Nuevo tamañooooo: 10
[ INFO] - :65 2022-05-29 22:12:11 - Listaaa tablaaaaaa: Lista: Nodo{Practico4.Persona@1c242318} -> Nodo{Practico4.Persona@357d4a9f} -> Nodo{Practico4.Persona@1b5a9040} -> Nodo{Practico4.Persona@119e7afc} -> Nodo{Practico4.Persona@2c1fa734} -> Nodo{Practico4.Persona@73e9299a} -> Nodo{Practico4.Persona@3cfe6f37} -> Nodo{Practico4.Persona@5e55abce} -> Nodo{Practico4.Persona@f228137} -> Nodo{Practico4.Persona@35bddcb0}
[ INFO] - :64 2022-05-29 22:16:20 - Nuevo tamañooooo: 0
[ INFO] - :65 2022-05-29 22:16:20 - Listaaa tablaaaaaa: VACIA
[ INFO] - :93 2022-05-29 22:16:40 - Ingreso: asd asd     45
[ INFO] - :94 2022-05-29 22:16:40 - Tamaño: 1
[ INFO] - :93 2022-05-29 22:16:40 - Ingreso: bladi bap 44
[ INFO] - :94 2022-05-29 22:16:40 - Tamaño: 2
[ INFO] - :93 2022-05-29 22:16:40 - Ingreso: Jose Justiniano 19
[ INFO] - :94 2022-05-29 22:16:40 - Tamaño: 3
[ INFO] - :93 2022-05-29 22:16:40 - Ingreso: blaaaaa     sss 45
[ INFO] - :94 2022-05-29 22:16:40 - Tamaño: 4
[ INFO] - :93 2022-05-29 22:16:40 - Ingreso: Pedro     Avila 19
[ INFO] - :94 2022-05-29 22:16:40 - Tamaño: 5
[ INFO] - :96 2022-05-29 22:16:40 - No se escribio :  P*/@dro Aviiii 19
[ INFO] - :96 2022-05-29 22:16:40 - No se escribio :  Abigail asd5 as
[ INFO] - :93 2022-05-29 22:16:40 - Ingreso: Bladimir Baptista 18
[ INFO] - :94 2022-05-29 22:16:40 - Tamaño: 6
[ INFO] - :93 2022-05-29 22:16:40 - Ingreso: asd asd 45
[ INFO] - :94 2022-05-29 22:16:40 - Tamaño: 7
[ INFO] - :93 2022-05-29 22:16:40 - Ingreso: bladi bap 44
[ INFO] - :94 2022-05-29 22:16:40 - Tamaño: 8
[ INFO] - :96 2022-05-29 22:16:40 - No se escribio :  54asd asd87 dd
[ INFO] - :96 2022-05-29 22:16:40 - No se escribio :      878asd /*//* dd   
[ INFO] - :96 2022-05-29 22:16:40 - No se escribio :  asd 121 11
[ INFO] - :93 2022-05-29 22:16:40 - Ingreso: blaaaaa sss 45
[ INFO] - :94 2022-05-29 22:16:40 - Tamaño: 9
[ INFO] - :93 2022-05-29 22:16:40 - Ingreso: asd asd 45
[ INFO] - :94 2022-05-29 22:16:40 - Tamaño: 10
[ INFO] - :64 2022-05-29 22:16:42 - Nuevo tamañooooo: 10
[ INFO] - :65 2022-05-29 22:16:42 - Listaaa tablaaaaaa: Lista: Nodo{Practico4.Persona@357d4a9f} -> Nodo{Practico4.Persona@1b5a9040} -> Nodo{Practico4.Persona@119e7afc} -> Nodo{Practico4.Persona@2c1fa734} -> Nodo{Practico4.Persona@73e9299a} -> Nodo{Practico4.Persona@3cfe6f37} -> Nodo{Practico4.Persona@5e55abce} -> Nodo{Practico4.Persona@f228137} -> Nodo{Practico4.Persona@35bddcb0} -> Nodo{Practico4.Persona@7a758ae7}
[ INFO] - :93 2022-05-29 22:17:07 - Ingreso: asd asd     45
[ INFO] - :94 2022-05-29 22:17:07 - Tamaño: 1
[ INFO] - :93 2022-05-29 22:17:07 - Ingreso: bladi bap 44
[ INFO] - :94 2022-05-29 22:17:07 - Tamaño: 2
[ INFO] - :93 2022-05-29 22:17:07 - Ingreso: Jose Justiniano 19
[ INFO] - :94 2022-05-29 22:17:07 - Tamaño: 3
[ INFO] - :93 2022-05-29 22:17:07 - Ingreso: blaaaaa     sss 45
[ INFO] - :94 2022-05-29 22:17:07 - Tamaño: 4
[ INFO] - :93 2022-05-29 22:17:07 - Ingreso: Pedro     Avila 19
[ INFO] - :94 2022-05-29 22:17:07 - Tamaño: 5
[ INFO] - :96 2022-05-29 22:17:07 - No se escribio :  P*/@dro Aviiii 19
[ INFO] - :96 2022-05-29 22:17:07 - No se escribio :  Abigail asd5 as
[ INFO] - :93 2022-05-29 22:17:07 - Ingreso: Bladimir Baptista 18
[ INFO] - :94 2022-05-29 22:17:07 - Tamaño: 6
[ INFO] - :93 2022-05-29 22:17:07 - Ingreso: asd asd 45
[ INFO] - :94 2022-05-29 22:17:07 - Tamaño: 7
[ INFO] - :93 2022-05-29 22:17:07 - Ingreso: bladi bap 44
[ INFO] - :94 2022-05-29 22:17:07 - Tamaño: 8
[ INFO] - :96 2022-05-29 22:17:07 - No se escribio :  54asd asd87 dd
[ INFO] - :96 2022-05-29 22:17:07 - No se escribio :      878asd /*//* dd   
[ INFO] - :96 2022-05-29 22:17:07 - No se escribio :  asd 121 11
[ INFO] - :93 2022-05-29 22:17:07 - Ingreso: blaaaaa sss 45
[ INFO] - :94 2022-05-29 22:17:07 - Tamaño: 9
[ INFO] - :93 2022-05-29 22:17:07 - Ingreso: asd asd 45
[ INFO] - :94 2022-05-29 22:17:07 - Tamaño: 10
[ INFO] - :64 2022-05-29 22:17:09 - Nuevo tamañooooo: 10
[ INFO] - :65 2022-05-29 22:17:09 - Listaaa tablaaaaaa: Lista: Nodo{Practico4.Persona@9e4fda5} -> Nodo{Practico4.Persona@7f1a7f0} -> Nodo{Practico4.Persona@1c242318} -> Nodo{Practico4.Persona@357d4a9f} -> Nodo{Practico4.Persona@1b5a9040} -> Nodo{Practico4.Persona@119e7afc} -> Nodo{Practico4.Persona@2c1fa734} -> Nodo{Practico4.Persona@73e9299a} -> Nodo{Practico4.Persona@3cfe6f37} -> Nodo{Practico4.Persona@5e55abce}
[ INFO] - :93 2022-05-29 22:18:59 - Ingreso: asd asd     45
[ INFO] - :94 2022-05-29 22:18:59 - Tamaño: 1
[ INFO] - :93 2022-05-29 22:18:59 - Ingreso: bladi bap 44
[ INFO] - :94 2022-05-29 22:18:59 - Tamaño: 2
[ INFO] - :93 2022-05-29 22:18:59 - Ingreso: Jose Justiniano 19
[ INFO] - :94 2022-05-29 22:18:59 - Tamaño: 3
[ INFO] - :93 2022-05-29 22:18:59 - Ingreso: blaaaaa     sss 45
[ INFO] - :94 2022-05-29 22:18:59 - Tamaño: 4
[ INFO] - :93 2022-05-29 22:18:59 - Ingreso: Pedro     Avila 19
[ INFO] - :94 2022-05-29 22:18:59 - Tamaño: 5
[ INFO] - :96 2022-05-29 22:18:59 - No se escribio :  P*/@dro Aviiii 19
[ INFO] - :96 2022-05-29 22:18:59 - No se escribio :  Abigail asd5 as
[ INFO] - :93 2022-05-29 22:18:59 - Ingreso: Bladimir Baptista 18
[ INFO] - :94 2022-05-29 22:18:59 - Tamaño: 6
[ INFO] - :93 2022-05-29 22:18:59 - Ingreso: asd asd 45
[ INFO] - :94 2022-05-29 22:18:59 - Tamaño: 7
[ INFO] - :93 2022-05-29 22:18:59 - Ingreso: bladi bap 44
[ INFO] - :94 2022-05-29 22:18:59 - Tamaño: 8
[ INFO] - :96 2022-05-29 22:18:59 - No se escribio :  54asd asd87 dd
[ INFO] - :96 2022-05-29 22:18:59 - No se escribio :      878asd /*//* dd   
[ INFO] - :96 2022-05-29 22:18:59 - No se escribio :  asd 121 11
[ INFO] - :93 2022-05-29 22:18:59 - Ingreso: blaaaaa sss 45
[ INFO] - :94 2022-05-29 22:18:59 - Tamaño: 9
[ INFO] - :93 2022-05-29 22:18:59 - Ingreso: asd asd 45
[ INFO] - :94 2022-05-29 22:18:59 - Tamaño: 10
[ INFO] - :64 2022-05-29 22:19:02 - Nuevo tamañooooo: 10
[ INFO] - :65 2022-05-29 22:19:02 - Listaaa tablaaaaaa: Lista: Nodo{Practico4.Persona@7f1a7f0} -> Nodo{Practico4.Persona@1c242318} -> Nodo{Practico4.Persona@357d4a9f} -> Nodo{Practico4.Persona@1b5a9040} -> Nodo{Practico4.Persona@119e7afc} -> Nodo{Practico4.Persona@2c1fa734} -> Nodo{Practico4.Persona@73e9299a} -> Nodo{Practico4.Persona@3cfe6f37} -> Nodo{Practico4.Persona@5e55abce} -> Nodo{Practico4.Persona@f228137}
[ INFO] - :93 2022-05-29 22:24:11 - Ingreso: asd asd     45
[ INFO] - :94 2022-05-29 22:24:11 - Tamaño: 1
[ INFO] - :93 2022-05-29 22:24:11 - Ingreso: bladi bap 44
[ INFO] - :94 2022-05-29 22:24:11 - Tamaño: 2
[ INFO] - :93 2022-05-29 22:24:11 - Ingreso: Jose Justiniano 19
[ INFO] - :94 2022-05-29 22:24:11 - Tamaño: 3
[ INFO] - :93 2022-05-29 22:24:11 - Ingreso: blaaaaa     sss 45
[ INFO] - :94 2022-05-29 22:24:11 - Tamaño: 4
[ INFO] - :93 2022-05-29 22:24:11 - Ingreso: Pedro     Avila 19
[ INFO] - :94 2022-05-29 22:24:11 - Tamaño: 5
[ INFO] - :96 2022-05-29 22:24:11 - No se escribio :  P*/@dro Aviiii 19
[ INFO] - :96 2022-05-29 22:24:11 - No se escribio :  Abigail asd5 as
[ INFO] - :93 2022-05-29 22:24:11 - Ingreso: Bladimir Baptista 18
[ INFO] - :94 2022-05-29 22:24:11 - Tamaño: 6
[ INFO] - :93 2022-05-29 22:24:11 - Ingreso: asd asd 45
[ INFO] - :94 2022-05-29 22:24:11 - Tamaño: 7
[ INFO] - :93 2022-05-29 22:24:11 - Ingreso: bladi bap 44
[ INFO] - :94 2022-05-29 22:24:11 - Tamaño: 8
[ INFO] - :96 2022-05-29 22:24:11 - No se escribio :  54asd asd87 dd
[ INFO] - :96 2022-05-29 22:24:11 - No se escribio :      878asd /*//* dd   
[ INFO] - :96 2022-05-29 22:24:11 - No se escribio :  asd 121 11
[ INFO] - :93 2022-05-29 22:24:11 - Ingreso: blaaaaa sss 45
[ INFO] - :94 2022-05-29 22:24:11 - Tamaño: 9
[ INFO] - :93 2022-05-29 22:24:11 - Ingreso: asd asd 45
[ INFO] - :94 2022-05-29 22:24:11 - Tamaño: 10
[ INFO] - :64 2022-05-29 22:24:14 - Nuevo tamañooooo: 10
[ INFO] - :65 2022-05-29 22:24:14 - Listaaa tablaaaaaa: Lista: Nodo{Practico4.Persona@40fbfa50} -> Nodo{Practico4.Persona@58bf8ad9} -> Nodo{Practico4.Persona@3f44ac95} -> Nodo{Practico4.Persona@6728f22b} -> Nodo{Practico4.Persona@781ebde4} -> Nodo{Practico4.Persona@5c53097c} -> Nodo{Practico4.Persona@46692667} -> Nodo{Practico4.Persona@66703d2b} -> Nodo{Practico4.Persona@6b8c4d9c} -> Nodo{Practico4.Persona@2f50a178}
[ INFO] - :93 2022-05-29 22:27:02 - Ingreso: asd asd     45
[ INFO] - :94 2022-05-29 22:27:02 - Tamaño: 1
[ INFO] - :93 2022-05-29 22:27:02 - Ingreso: bladi bap 44
[ INFO] - :94 2022-05-29 22:27:02 - Tamaño: 2
[ INFO] - :93 2022-05-29 22:27:02 - Ingreso: Jose Justiniano 19
[ INFO] - :94 2022-05-29 22:27:02 - Tamaño: 3
[ INFO] - :93 2022-05-29 22:27:02 - Ingreso: blaaaaa     sss 45
[ INFO] - :94 2022-05-29 22:27:02 - Tamaño: 4
[ INFO] - :93 2022-05-29 22:27:02 - Ingreso: Pedro     Avila 19
[ INFO] - :94 2022-05-29 22:27:02 - Tamaño: 5
[ INFO] - :96 2022-05-29 22:27:02 - No se escribio :  P*/@dro Aviiii 19
[ INFO] - :96 2022-05-29 22:27:02 - No se escribio :  Abigail asd5 as
[ INFO] - :93 2022-05-29 22:27:02 - Ingreso: Bladimir Baptista 18
[ INFO] - :94 2022-05-29 22:27:02 - Tamaño: 6
[ INFO] - :93 2022-05-29 22:27:02 - Ingreso: asd asd 45
[ INFO] - :94 2022-05-29 22:27:02 - Tamaño: 7
[ INFO] - :93 2022-05-29 22:27:02 - Ingreso: bladi bap 44
[ INFO] - :94 2022-05-29 22:27:02 - Tamaño: 8
[ INFO] - :96 2022-05-29 22:27:02 - No se escribio :  54asd asd87 dd
[ INFO] - :96 2022-05-29 22:27:02 - No se escribio :      878asd /*//* dd   
[ INFO] - :96 2022-05-29 22:27:02 - No se escribio :  asd 121 11
[ INFO] - :93 2022-05-29 22:27:02 - Ingreso: blaaaaa sss 45
[ INFO] - :94 2022-05-29 22:27:02 - Tamaño: 9
[ INFO] - :93 2022-05-29 22:27:02 - Ingreso: asd asd 45
[ INFO] - :94 2022-05-29 22:27:02 - Tamaño: 10
[ INFO] - :64 2022-05-29 22:27:04 - Nuevo tamañooooo: 10
[ INFO] - :65 2022-05-29 22:27:04 - Listaaa tablaaaaaa: Lista: Nodo{Practico4.Persona@7f1a7f0} -> Nodo{Practico4.Persona@1c242318} -> Nodo{Practico4.Persona@357d4a9f} -> Nodo{Practico4.Persona@1b5a9040} -> Nodo{Practico4.Persona@119e7afc} -> Nodo{Practico4.Persona@2c1fa734} -> Nodo{Practico4.Persona@73e9299a} -> Nodo{Practico4.Persona@3cfe6f37} -> Nodo{Practico4.Persona@5e55abce} -> Nodo{Practico4.Persona@f228137}
[ INFO] - :93 2022-05-29 22:28:03 - Ingreso: asd asd     45
[ INFO] - :94 2022-05-29 22:28:03 - Tamaño: 1
[ INFO] - :93 2022-05-29 22:28:03 - Ingreso: bladi bap 44
[ INFO] - :94 2022-05-29 22:28:03 - Tamaño: 2
[ INFO] - :93 2022-05-29 22:28:03 - Ingreso: Jose Justiniano 19
[ INFO] - :94 2022-05-29 22:28:03 - Tamaño: 3
[ INFO] - :93 2022-05-29 22:28:03 - Ingreso: blaaaaa     sss 45
[ INFO] - :94 2022-05-29 22:28:03 - Tamaño: 4
[ INFO] - :93 2022-05-29 22:28:03 - Ingreso: Pedro     Avila 19
[ INFO] - :94 2022-05-29 22:28:03 - Tamaño: 5
[ INFO] - :96 2022-05-29 22:28:03 - No se escribio :  P*/@dro Aviiii 19
[ INFO] - :96 2022-05-29 22:28:03 - No se escribio :  Abigail asd5 as
[ INFO] - :93 2022-05-29 22:28:03 - Ingreso: Bladimir Baptista 18
[ INFO] - :94 2022-05-29 22:28:03 - Tamaño: 6
[ INFO] - :93 2022-05-29 22:28:03 - Ingreso: asd asd 45
[ INFO] - :94 2022-05-29 22:28:03 - Tamaño: 7
[ INFO] - :93 2022-05-29 22:28:03 - Ingreso: bladi bap 44
[ INFO] - :94 2022-05-29 22:28:03 - Tamaño: 8
[ INFO] - :96 2022-05-29 22:28:03 - No se escribio :  54asd asd87 dd
[ INFO] - :96 2022-05-29 22:28:03 - No se escribio :      878asd /*//* dd   
[ INFO] - :96 2022-05-29 22:28:03 - No se escribio :  asd 121 11
[ INFO] - :93 2022-05-29 22:28:03 - Ingreso: blaaaaa sss 45
[ INFO] - :94 2022-05-29 22:28:03 - Tamaño: 9
[ INFO] - :93 2022-05-29 22:28:03 - Ingreso: asd asd 45
[ INFO] - :94 2022-05-29 22:28:03 - Tamaño: 10
[ INFO] - :64 2022-05-29 22:28:05 - Nuevo tamañooooo: 10
[ INFO] - :65 2022-05-29 22:28:05 - Listaaa tablaaaaaa: Lista: Nodo{Practico4.Persona@523ac98c} -> Nodo{Practico4.Persona@4768e4d0} -> Nodo{Practico4.Persona@39c6f671} -> Nodo{Practico4.Persona@4b920a} -> Nodo{Practico4.Persona@4b94d26} -> Nodo{Practico4.Persona@4777705} -> Nodo{Practico4.Persona@a0c7c84} -> Nodo{Practico4.Persona@568b640d} -> Nodo{Practico4.Persona@1815c387} -> Nodo{Practico4.Persona@276550df}
[ INFO] - :93 2022-05-29 22:34:26 - Ingreso: asd asd     45
[ INFO] - :94 2022-05-29 22:34:26 - Tamaño: 1
[ INFO] - :93 2022-05-29 22:34:26 - Ingreso: bladi bap 44
[ INFO] - :94 2022-05-29 22:34:26 - Tamaño: 2
[ INFO] - :93 2022-05-29 22:34:26 - Ingreso: Jose Justiniano 19
[ INFO] - :94 2022-05-29 22:34:26 - Tamaño: 3
[ INFO] - :93 2022-05-29 22:34:26 - Ingreso: blaaaaa     sss 45
[ INFO] - :94 2022-05-29 22:34:26 - Tamaño: 4
[ INFO] - :93 2022-05-29 22:34:26 - Ingreso: Pedro     Avila 19
[ INFO] - :94 2022-05-29 22:34:26 - Tamaño: 5
[ INFO] - :96 2022-05-29 22:34:26 - No se escribio :  P*/@dro Aviiii 19
[ INFO] - :96 2022-05-29 22:34:26 - No se escribio :  Abigail asd5 as
[ INFO] - :93 2022-05-29 22:34:26 - Ingreso: Bladimir Baptista 18
[ INFO] - :94 2022-05-29 22:34:26 - Tamaño: 6
[ INFO] - :93 2022-05-29 22:34:26 - Ingreso: asd asd 45
[ INFO] - :94 2022-05-29 22:34:26 - Tamaño: 7
[ INFO] - :93 2022-05-29 22:34:26 - Ingreso: bladi bap 44
[ INFO] - :94 2022-05-29 22:34:26 - Tamaño: 8
[ INFO] - :96 2022-05-29 22:34:26 - No se escribio :  54asd asd87 dd
[ INFO] - :96 2022-05-29 22:34:26 - No se escribio :      878asd /*//* dd   
[ INFO] - :96 2022-05-29 22:34:26 - No se escribio :  asd 121 11
[ INFO] - :93 2022-05-29 22:34:26 - Ingreso: blaaaaa sss 45
[ INFO] - :94 2022-05-29 22:34:26 - Tamaño: 9
[ INFO] - :93 2022-05-29 22:34:26 - Ingreso: asd asd 45
[ INFO] - :94 2022-05-29 22:34:26 - Tamaño: 10
[ INFO] - :64 2022-05-29 22:34:28 - Nuevo tamañooooo: 10
[ INFO] - :65 2022-05-29 22:34:28 - Listaaa tablaaaaaa: Lista: Nodo{Practico4.Persona@59dd6b1d} -> Nodo{Practico4.Persona@d657a5a} -> Nodo{Practico4.Persona@3e1f9755} -> Nodo{Practico4.Persona@1886e77} -> Nodo{Practico4.Persona@333f68d8} -> Nodo{Practico4.Persona@152e734f} -> Nodo{Practico4.Persona@5749fb80} -> Nodo{Practico4.Persona@15f0dcc8} -> Nodo{Practico4.Persona@5d410f06} -> Nodo{Practico4.Persona@3b13abea}
[ INFO] - :58 2022-05-29 22:34:31 - Nuevo tamaño: 10
[ INFO] - :93 2022-05-29 22:37:25 - Ingreso: asd asd     45
[ INFO] - :94 2022-05-29 22:37:25 - Tamaño: 1
[ INFO] - :93 2022-05-29 22:37:25 - Ingreso: bladi bap 44
[ INFO] - :94 2022-05-29 22:37:25 - Tamaño: 2
[ INFO] - :93 2022-05-29 22:37:25 - Ingreso: Jose Justiniano 19
[ INFO] - :94 2022-05-29 22:37:25 - Tamaño: 3
[ INFO] - :93 2022-05-29 22:37:25 - Ingreso: blaaaaa     sss 45
[ INFO] - :94 2022-05-29 22:37:25 - Tamaño: 4
[ INFO] - :93 2022-05-29 22:37:25 - Ingreso: Pedro     Avila 19
[ INFO] - :94 2022-05-29 22:37:25 - Tamaño: 5
[ INFO] - :96 2022-05-29 22:37:25 - No se escribio :  P*/@dro Aviiii 19
[ INFO] - :96 2022-05-29 22:37:25 - No se escribio :  Abigail asd5 as
[ INFO] - :93 2022-05-29 22:37:25 - Ingreso: Bladimir Baptista 18
[ INFO] - :94 2022-05-29 22:37:25 - Tamaño: 6
[ INFO] - :93 2022-05-29 22:37:25 - Ingreso: asd asd 45
[ INFO] - :94 2022-05-29 22:37:25 - Tamaño: 7
[ INFO] - :93 2022-05-29 22:37:25 - Ingreso: bladi bap 44
[ INFO] - :94 2022-05-29 22:37:25 - Tamaño: 8
[ INFO] - :96 2022-05-29 22:37:25 - No se escribio :  54asd asd87 dd
[ INFO] - :96 2022-05-29 22:37:25 - No se escribio :      878asd /*//* dd   
[ INFO] - :96 2022-05-29 22:37:25 - No se escribio :  asd 121 11
[ INFO] - :93 2022-05-29 22:37:25 - Ingreso: blaaaaa sss 45
[ INFO] - :94 2022-05-29 22:37:25 - Tamaño: 9
[ INFO] - :93 2022-05-29 22:37:25 - Ingreso: asd asd 45
[ INFO] - :94 2022-05-29 22:37:25 - Tamaño: 10
[ INFO] - :64 2022-05-29 22:37:28 - Nuevo tamañooooo: 10
[ INFO] - :65 2022-05-29 22:37:28 - Listaaa tablaaaaaa: Lista: Nodo{Practico4.Persona@9e4fda5} -> Nodo{Practico4.Persona@7f1a7f0} -> Nodo{Practico4.Persona@1c242318} -> Nodo{Practico4.Persona@357d4a9f} -> Nodo{Practico4.Persona@1b5a9040} -> Nodo{Practico4.Persona@119e7afc} -> Nodo{Practico4.Persona@2c1fa734} -> Nodo{Practico4.Persona@73e9299a} -> Nodo{Practico4.Persona@3cfe6f37} -> Nodo{Practico4.Persona@5e55abce}
[ INFO] - :59 2022-05-29 22:37:33 - Nuevo tamaño: 9
[ INFO] - :64 2022-05-29 22:37:38 - Nuevo tamañooooo: 9
[ INFO] - :65 2022-05-29 22:37:38 - Listaaa tablaaaaaa: Lista: Nodo{Practico4.Persona@7f1a7f0} -> Nodo{Practico4.Persona@1c242318} -> Nodo{Practico4.Persona@357d4a9f} -> Nodo{Practico4.Persona@1b5a9040} -> Nodo{Practico4.Persona@119e7afc} -> Nodo{Practico4.Persona@2c1fa734} -> Nodo{Practico4.Persona@73e9299a} -> Nodo{Practico4.Persona@3cfe6f37} -> Nodo{Practico4.Persona@5e55abce}
[ INFO] - :59 2022-05-29 22:37:43 - Nuevo tamaño: 8
[ INFO] - :64 2022-05-29 22:37:46 - Nuevo tamañooooo: 8
[ INFO] - :65 2022-05-29 22:37:46 - Listaaa tablaaaaaa: Lista: Nodo{Practico4.Persona@1c242318} -> Nodo{Practico4.Persona@357d4a9f} -> Nodo{Practico4.Persona@1b5a9040} -> Nodo{Practico4.Persona@119e7afc} -> Nodo{Practico4.Persona@2c1fa734} -> Nodo{Practico4.Persona@73e9299a} -> Nodo{Practico4.Persona@3cfe6f37} -> Nodo{Practico4.Persona@5e55abce}
[ INFO] - :59 2022-05-29 22:37:51 - Nuevo tamaño: 7
